# JRE version: OpenJDK Runtime Environment (17.0.7) (build 17.0.7+0-17.0.7b1000.6-10550314)
# Java VM: OpenJDK 64-Bit Server VM (17.0.7+0-17.0.7b1000.6-10550314, mixed mode, tiered, compressed oops, compressed class ptrs, g1 gc, bsd-aarch64)
GC Precious Log:
 CPUs: 8 total, 8 available
 Memory: 16384M
 Large Page Support: Disabled
 NUMA Support: Disabled
 Compressed Oops: Enabled (Zero based)
 Heap Region Size: 1M
 Heap Min Capacity: 8M
 Heap Initial Capacity: 256M
 Heap Max Capacity: 512M
 Pre-touch: Disabled
 Parallel Workers: 8
 Concurrent Workers: 2
 Concurrent Refinement Workers: 8
 Periodic GC: Disabled
Heap:
 garbage-first heap   total 40960K, used 19593K [0x00000007e0000000, 0x0000000800000000)
  region size 1024K, 11 young (11264K), 3 survivors (3072K)
 Metaspace       used 27917K, committed 28096K, reserved 1114112K
  class space    used 3573K, committed 3648K, reserved 1048576K
GC Heap History (10 events):
Event: 0.355 GC heap before
{Heap before GC invocations=0 (full 0):
 garbage-first heap   total 262144K, used 22528K [0x00000007e0000000, 0x0000000800000000)
  region size 1024K, 23 young (23552K), 0 survivors (0K)
 Metaspace       used 12721K, committed 12864K, reserved 1114112K
  class space    used 1490K, committed 1600K, reserved 1048576K
}
Event: 0.358 GC heap after
{Heap after GC invocations=1 (full 0):
 garbage-first heap   total 262144K, used 8610K [0x00000007e0000000, 0x0000000800000000)
  region size 1024K, 3 young (3072K), 3 survivors (3072K)
 Metaspace       used 12721K, committed 12864K, reserved 1114112K
  class space    used 1490K, committed 1600K, reserved 1048576K
}
Event: 0.723 GC heap before
{Heap before GC invocations=1 (full 0):
 garbage-first heap   total 262144K, used 31138K [0x00000007e0000000, 0x0000000800000000)
  region size 1024K, 24 young (24576K), 3 survivors (3072K)
 Metaspace       used 17946K, committed 18176K, reserved 1114112K
  class space    used 2074K, committed 2176K, reserved 1048576K
}
Event: 0.725 GC heap after
{Heap after GC invocations=2 (full 0):
 garbage-first heap   total 262144K, used 9970K [0x00000007e0000000, 0x0000000800000000)
  region size 1024K, 1 young (1024K), 1 survivors (1024K)
 Metaspace       used 17946K, committed 18176K, reserved 1114112K
  class space    used 2074K, committed 2176K, reserved 1048576K
}
Event: 0.832 GC heap before
{Heap before GC invocations=2 (full 0):
 garbage-first heap   total 262144K, used 32498K [0x00000007e0000000, 0x0000000800000000)
  region size 1024K, 24 young (24576K), 1 survivors (1024K)
 Metaspace       used 21382K, committed 21504K, reserved 1114112K
  class space    used 2553K, committed 2624K, reserved 1048576K
}
Event: 0.834 GC heap after
{Heap after GC invocations=3 (full 0):
 garbage-first heap   total 262144K, used 10646K [0x00000007e0000000, 0x0000000800000000)
  region size 1024K, 2 young (2048K), 2 survivors (2048K)
 Metaspace       used 21382K, committed 21504K, reserved 1114112K
  class space    used 2553K, committed 2624K, reserved 1048576K
}
Event: 1.015 GC heap before
{Heap before GC invocations=4 (full 0):
 garbage-first heap   total 40960K, used 30102K [0x00000007e0000000, 0x0000000800000000)
  region size 1024K, 22 young (22528K), 2 survivors (2048K)
 Metaspace       used 24937K, committed 25152K, reserved 1114112K
  class space    used 3216K, committed 3328K, reserved 1048576K
}
Event: 1.016 GC heap after
{Heap after GC invocations=5 (full 0):
 garbage-first heap   total 40960K, used 11283K [0x00000007e0000000, 0x0000000800000000)
  region size 1024K, 3 young (3072K), 3 survivors (3072K)
 Metaspace       used 24937K, committed 25152K, reserved 1114112K
  class space    used 3216K, committed 3328K, reserved 1048576K
}
Event: 1.119 GC heap before
{Heap before GC invocations=5 (full 0):
 garbage-first heap   total 40960K, used 26643K [0x00000007e0000000, 0x0000000800000000)
  region size 1024K, 19 young (19456K), 3 survivors (3072K)
 Metaspace       used 27146K, committed 27328K, reserved 1114112K
  class space    used 3486K, committed 3584K, reserved 1048576K
}
Event: 1.120 GC heap after
{Heap after GC invocations=6 (full 0):
 garbage-first heap   total 40960K, used 12425K [0x00000007e0000000, 0x0000000800000000)
  region size 1024K, 3 young (3072K), 3 survivors (3072K)
 Metaspace       used 27146K, committed 27328K, reserved 1114112K
  class space    used 3486K, committed 3584K, reserved 1048576K
}

